Unity Editor version:    2020.3.17f1 (a4537701e4ab)
Branch:                  2020.3/staging
Build type:              Release
Batch mode:              YES
macOS version:           Version 11.4 (Build 20F71)
Darwin version:          20.5.0
Architecture:            x86_64
Running under Rosetta:   NO
Available memory:        8192 MB
Using pre-set license
Pro License: NO

COMMAND LINE ARGUMENTS:
/Applications/Unity/Hub/Editor/2020.3.17f1/Unity.app/Contents/MacOS/Unity
-adb2
-batchMode
-noUpm
-name
AssetImportWorker0
-projectPath
/Users/KeisukeTsurugi/Desktop/GitHub/hc_comgkdecision
-logFile
Logs/AssetImportWorker0.log
-srvPort
59266
Successfully changed project path to: /Users/KeisukeTsurugi/Desktop/GitHub/hc_comgkdecision
/Users/KeisukeTsurugi/Desktop/GitHub/hc_comgkdecision
Using Asset Import Pipeline V2.
Refreshing native plugins compatible for Editor in 192.31 ms, found 3 plugins.
Preloading 0 native plugins for Editor in 0.00 ms.
Initialize engine version: 2020.3.17f1 (a4537701e4ab)
[Subsystems] Discovering subsystems at path /Applications/Unity/Hub/Editor/2020.3.17f1/Unity.app/Contents/Resources/UnitySubsystems
[Subsystems] Discovering subsystems at path /Users/KeisukeTsurugi/Desktop/GitHub/hc_comgkdecision/Assets
GfxDevice: creating device client; threaded=0
2021-09-08 20:36:39.413 Unity[51285:1847120] Color LCD preferred device: Intel(R) Iris(TM) Plus Graphics 640 (low power)
2021-09-08 20:36:39.413 Unity[51285:1847120] Metal devices available: 1
2021-09-08 20:36:39.413 Unity[51285:1847120] 0: Intel(R) Iris(TM) Plus Graphics 640 (low power)
2021-09-08 20:36:39.413 Unity[51285:1847120] Using device Intel(R) Iris(TM) Plus Graphics 640 (low power)
Initializing Metal device caps: Intel(R) Iris(TM) Plus Graphics 640
Initialize mono
Mono path[0] = '/Applications/Unity/Hub/Editor/2020.3.17f1/Unity.app/Contents/Managed'
Mono path[1] = '/Applications/Unity/Hub/Editor/2020.3.17f1/Unity.app/Contents/MonoBleedingEdge/lib/mono/unityjit'
Mono config path = '/Applications/Unity/Hub/Editor/2020.3.17f1/Unity.app/Contents/MonoBleedingEdge/etc'
Using monoOptions --debugger-agent=transport=dt_socket,embedding=1,server=y,suspend=n,address=127.0.0.1:56285
Begin MonoManager ReloadAssembly
Registering precompiled unity dll's ...
Register platform support module: /Applications/Unity/Hub/Editor/2020.3.17f1/Unity.app/Contents/PlaybackEngines/MacStandaloneSupport/UnityEditor.OSXStandalone.Extensions.dll
Registered in 0.004174 seconds.
Native extension for OSXStandalone target not found
Refreshing native plugins compatible for Editor in 95.12 ms, found 3 plugins.
Preloading 0 native plugins for Editor in 0.00 ms.
Mono: successfully reloaded assembly
- Completed reload, in  6.940 seconds
Domain Reload Profiling:
	ReloadAssembly (6940ms)
		BeginReloadAssembly (57ms)
			ExecutionOrderSort (0ms)
			DisableScriptedObjects (0ms)
			BackupInstance (0ms)
			ReleaseScriptingObjects (0ms)
			CreateAndSetChildDomain (1ms)
		EndReloadAssembly (611ms)
			LoadAssemblies (59ms)
			RebuildTransferFunctionScriptingTraits (0ms)
			SetupTypeCache (229ms)
			ReleaseScriptCaches (0ms)
			RebuildScriptCaches (44ms)
			SetupLoadedEditorAssemblies (266ms)
				LogAssemblyErrors (0ms)
				InitializePlatformSupportModulesInManaged (4ms)
				SetLoadedEditorAssemblies (0ms)
				RefreshPlugins (95ms)
				BeforeProcessingInitializeOnLoad (11ms)
				ProcessInitializeOnLoadAttributes (117ms)
				ProcessInitializeOnLoadMethodAttributes (38ms)
				AfterProcessingInitializeOnLoad (0ms)
				EditorAssembliesLoaded (0ms)
			ExecutionOrderSort2 (0ms)
			AwakeInstancesAfterBackupRestoration (0ms)
Platform modules already initialized, skipping
Registering precompiled user dll's ...
Registered in 0.034763 seconds.
Begin MonoManager ReloadAssembly
Error: Could not load signature of FbxExporters.Editor.ModelExporter:GetAnimationExportDataFromAnimationTrack due to: Could not load file or assembly 'UnityEngine.Timeline, Version=1.0.0.0, Culture=neutral, PublicKeyToken=null' or one of its dependencies. assembly:UnityEngine.Timeline, Version=1.0.0.0, Culture=neutral, PublicKeyToken=null type:<unknown type> member:(null) signature:<none>

Unloading broken assembly Assets/AssetStoreTools/FbxExporters/Editor/UnityFbxExporterEditor.dll, this assembly can cause crashes in the runtime

Native extension for OSXStandalone target not found
Refreshing native plugins compatible for Editor in 2.00 ms, found 3 plugins.
Preloading 0 native plugins for Editor in 0.00 ms.
WARNING: RGBA Compressed ETC2 UNorm format is not supported, decompressing texture
WARNING: RGBA Compressed ETC2 UNorm format is not supported, decompressing texture
WARNING: RGBA Compressed ETC2 UNorm format is not supported, decompressing texture
Mono: successfully reloaded assembly
- Completed reload, in  1.694 seconds
Domain Reload Profiling:
	ReloadAssembly (1695ms)
		BeginReloadAssembly (185ms)
			ExecutionOrderSort (0ms)
			DisableScriptedObjects (5ms)
			BackupInstance (0ms)
			ReleaseScriptingObjects (0ms)
			CreateAndSetChildDomain (39ms)
		EndReloadAssembly (1432ms)
			LoadAssemblies (148ms)
			RebuildTransferFunctionScriptingTraits (0ms)
			SetupTypeCache (450ms)
			ReleaseScriptCaches (1ms)
			RebuildScriptCaches (84ms)
			SetupLoadedEditorAssemblies (600ms)
				LogAssemblyErrors (0ms)
				InitializePlatformSupportModulesInManaged (6ms)
				SetLoadedEditorAssemblies (1ms)
				RefreshPlugins (2ms)
				BeforeProcessingInitializeOnLoad (86ms)
				ProcessInitializeOnLoadAttributes (496ms)
				ProcessInitializeOnLoadMethodAttributes (6ms)
				AfterProcessingInitializeOnLoad (2ms)
				EditorAssembliesLoaded (0ms)
			ExecutionOrderSort2 (0ms)
			AwakeInstancesAfterBackupRestoration (10ms)
Platform modules already initialized, skipping
Validating Project structure ... 0.342263 seconds.
Shader import version has changed; will reimport all shaders...
Upgrading shader files ...0.376734 seconds.
Application.AssetDatabase Initial Script Refresh Start
RefreshInfo: InitialScriptRefreshV2(NoUpdateAssetOptions) scanfilter:  ... 1 filters
RefreshProfiler: Total: 0.000ms
Application.AssetDatabase Initial Script Refresh End
Application.AssetDatabase.Refresh Start
Application.AssetDatabase.Refresh End
RefreshInfo: StopAssetImportingV2(ForceSynchronousImport) scanfilter: 
RefreshProfiler: Total: 0.000ms
WARNING: RGBA Compressed ETC2 UNorm format is not supported, decompressing texture
WARNING: RGBA Compressed ETC2 UNorm format is not supported, decompressing texture
WARNING: RGBA Compressed ETC2 UNorm format is not supported, decompressing texture
Launching external process: /Applications/Unity/Hub/Editor/2020.3.17f1/Unity.app/Contents/Tools/UnityShaderCompiler
Launched and connected shader compiler UnityShaderCompiler after 0.02 seconds
Initializing Unity extensions:
========================================================================
Worker process is ready to serve import requests
Refreshing native plugins compatible for Editor in 2.04 ms, found 3 plugins.
Preloading 0 native plugins for Editor in 0.00 ms.
Unloading 2320 Unused Serialized files (Serialized files now loaded: 0)
System memory in use before: 275.4 MB.
System memory in use after: 275.0 MB.

Unloading 508 unused Assets to reduce memory usage. Loaded Objects now: 2691.
Total: 4.409238 ms (FindLiveObjects: 0.328278 ms CreateObjectMapping: 0.129083 ms MarkObjects: 3.463541 ms  DeleteObjects: 0.487200 ms)

AssetImportParameters requested are different than current active one (requested -> active):
  custom:video-decoder-ogg-theora: a1e56fd34408186e4bbccfd4996cb3dc -> 
  custom:container-muxer-webm: aa71ff27fc2769a1b78a27578f13a17b -> 
  custom:container-demuxer-webm: 4f35f7cbe854078d1ac9338744f61a02 -> 
  custom:container-demuxer-ogg: 62fdf1f143b41e24485cea50d1cbac27 -> 
  custom:video-encoder-webm-vp8: eb34c28f22e8b96e1ab97ce403110664 -> 
  custom:framework-osx-AVFoundation: e770b220cccbd017edd2c1fefb359320 -> 
  custom:video-decoder-webm-vp8: 9c59270c3fd7afecdb556c50c9e8de78 -> 
  custom:audio-decoder-ogg-vorbis: bf7c407c2cedff20999df2af8eb42d56 -> 
  custom:audio-encoder-webm-vorbis: bf7c407c2cedff20999df2af8eb42d56 -> 
========================================================================
Received Import Request.
  path: Assets/Plugins/Android/com.android.installreferrer.installreferrer-1.0.aar
  artifactKey: Guid(0e5d159c9a7534c35b583d3ca480da08) Importer(815301076,1909f56bfc062723c751e8b465ee728b)
Start importing Assets/Plugins/Android/com.android.installreferrer.installreferrer-1.0.aar using Guid(0e5d159c9a7534c35b583d3ca480da08) Importer(815301076,1909f56bfc062723c751e8b465ee728b)  -> (artifact id: '0dda2b075394cc8095044decb738aa9d') in 3.068167 seconds 
  Import took 3.077193 seconds .

========================================================================
Received Import Request.
  Time since last request: 25.727221 seconds.
  path: Assets/Plugins/Android/com.google.android.gms.play-services-basement-16.0.1.aar
  artifactKey: Guid(f5af2be6d97e046c8bcb519e279d0100) Importer(815301076,1909f56bfc062723c751e8b465ee728b)
Start importing Assets/Plugins/Android/com.google.android.gms.play-services-basement-16.0.1.aar using Guid(f5af2be6d97e046c8bcb519e279d0100) Importer(815301076,1909f56bfc062723c751e8b465ee728b)  -> (artifact id: 'a191a7005163d8e1b24d06a52a795907') in 0.004138 seconds 
  Import took 0.012972 seconds .

========================================================================
Received Import Request.
  Time since last request: 0.012936 seconds.
  path: Assets/Plugins/Android/com.google.android.gms.play-services-basement-16.0.1.aar
  artifactKey: Guid(f5af2be6d97e046c8bcb519e279d0100) Importer(815301076,1909f56bfc062723c751e8b465ee728b)
Start importing Assets/Plugins/Android/com.google.android.gms.play-services-basement-16.0.1.aar using Guid(f5af2be6d97e046c8bcb519e279d0100) Importer(815301076,1909f56bfc062723c751e8b465ee728b)  -> (artifact id: 'a191a7005163d8e1b24d06a52a795907') in 0.006830 seconds 
  Import took 0.014054 seconds .

========================================================================
Received Import Request.
  Time since last request: 3.085609 seconds.
  path: Assets/Plugins/Android/com.google.android.gms.play-services-basement-16.0.1.aar
  artifactKey: Guid(f5af2be6d97e046c8bcb519e279d0100) Importer(815301076,1909f56bfc062723c751e8b465ee728b)
Start importing Assets/Plugins/Android/com.google.android.gms.play-services-basement-16.0.1.aar using Guid(f5af2be6d97e046c8bcb519e279d0100) Importer(815301076,1909f56bfc062723c751e8b465ee728b)  -> (artifact id: '071a5c243673450b86b9164f5a9faec7') in 0.007540 seconds 
  Import took 0.013159 seconds .

========================================================================
Received Import Request.
  Time since last request: 18.666134 seconds.
  path: Assets/Plugins/Android/com.google.android.gms.play-services-ads-identifier-16.0.0.aar
  artifactKey: Guid(ecf25d4ca1be4492d91dc1fdd92dc5c7) Importer(815301076,1909f56bfc062723c751e8b465ee728b)
Start importing Assets/Plugins/Android/com.google.android.gms.play-services-ads-identifier-16.0.0.aar using Guid(ecf25d4ca1be4492d91dc1fdd92dc5c7) Importer(815301076,1909f56bfc062723c751e8b465ee728b)  -> (artifact id: '4056e23583baff17a48a18d66749ad9b') in 0.006124 seconds 
  Import took 0.012782 seconds .

========================================================================
Received Import Request.
  Time since last request: 0.774270 seconds.
  path: Assets/Plugins/Android/play-services-ads-identifier-17.0.0.aar
  artifactKey: Guid(303faa6cfbcca422c88cec8d9e0ff22c) Importer(815301076,1909f56bfc062723c751e8b465ee728b)
Start importing Assets/Plugins/Android/play-services-ads-identifier-17.0.0.aar using Guid(303faa6cfbcca422c88cec8d9e0ff22c) Importer(815301076,1909f56bfc062723c751e8b465ee728b)  -> (artifact id: '68ec87ad230f102ff7fe3c7db3e616fd') in 0.006458 seconds 
  Import took 0.016699 seconds .

========================================================================
Received Import Request.
  Time since last request: 5.481368 seconds.
  path: Assets/Plugins/Android/com.google.android.gms.play-services-ads-identifier-16.0.0.aar
  artifactKey: Guid(ecf25d4ca1be4492d91dc1fdd92dc5c7) Importer(815301076,1909f56bfc062723c751e8b465ee728b)
Start importing Assets/Plugins/Android/com.google.android.gms.play-services-ads-identifier-16.0.0.aar using Guid(ecf25d4ca1be4492d91dc1fdd92dc5c7) Importer(815301076,1909f56bfc062723c751e8b465ee728b)  -> (artifact id: '44a640e33338e5f22f89d08a94990ea8') in 0.006244 seconds 
  Import took 0.012051 seconds .

========================================================================
Received Import Request.
  Time since last request: 7.451110 seconds.
  path: Assets/Plugins/Android/installreferrer-1.1.2.aar
  artifactKey: Guid(a611a40881a114db9916f297d2255eac) Importer(815301076,1909f56bfc062723c751e8b465ee728b)
Start importing Assets/Plugins/Android/installreferrer-1.1.2.aar using Guid(a611a40881a114db9916f297d2255eac) Importer(815301076,1909f56bfc062723c751e8b465ee728b)  -> (artifact id: '49b2f8281bd7bffc02dd8f58fb874510') in 0.006438 seconds 
  Import took 0.013888 seconds .

========================================================================
Received Prepare
Registering precompiled user dll's ...
Registered in 0.005953 seconds.
Begin MonoManager ReloadAssembly
Error: Could not load signature of FbxExporters.Editor.ModelExporter:GetAnimationExportDataFromAnimationTrack due to: Could not load file or assembly 'UnityEngine.Timeline, Version=1.0.0.0, Culture=neutral, PublicKeyToken=null' or one of its dependencies. assembly:UnityEngine.Timeline, Version=1.0.0.0, Culture=neutral, PublicKeyToken=null type:<unknown type> member:(null) signature:<none>

Unloading broken assembly Assets/AssetStoreTools/FbxExporters/Editor/UnityFbxExporterEditor.dll, this assembly can cause crashes in the runtime

Native extension for OSXStandalone target not found
Refreshing native plugins compatible for Editor in 1.99 ms, found 3 plugins.
Preloading 0 native plugins for Editor in 0.00 ms.
Mono: successfully reloaded assembly
- Completed reload, in  1.798 seconds
Domain Reload Profiling:
	ReloadAssembly (1799ms)
		BeginReloadAssembly (193ms)
			ExecutionOrderSort (0ms)
			DisableScriptedObjects (6ms)
			BackupInstance (0ms)
			ReleaseScriptingObjects (0ms)
			CreateAndSetChildDomain (107ms)
		EndReloadAssembly (1507ms)
			LoadAssemblies (140ms)
			RebuildTransferFunctionScriptingTraits (0ms)
			SetupTypeCache (412ms)
			ReleaseScriptCaches (1ms)
			RebuildScriptCaches (77ms)
			SetupLoadedEditorAssemblies (718ms)
				LogAssemblyErrors (0ms)
				InitializePlatformSupportModulesInManaged (6ms)
				SetLoadedEditorAssemblies (1ms)
				RefreshPlugins (2ms)
				BeforeProcessingInitializeOnLoad (169ms)
				ProcessInitializeOnLoadAttributes (533ms)
				ProcessInitializeOnLoadMethodAttributes (5ms)
				AfterProcessingInitializeOnLoad (2ms)
				EditorAssembliesLoaded (0ms)
			ExecutionOrderSort2 (0ms)
			AwakeInstancesAfterBackupRestoration (11ms)
Platform modules already initialized, skipping
Switching build target platform(2) subTarget(0) extendedPlatform(0) -> platform(13) subTarget(537395200) extendedPlatform(0)
Refreshing native plugins compatible for Editor in 2.01 ms, found 3 plugins.
Preloading 0 native plugins for Editor in 0.00 ms.
Unloading 2160 Unused Serialized files (Serialized files now loaded: 0)
System memory in use before: 260.9 MB.
System memory in use after: 261.0 MB.

Unloading 300 unused Assets to reduce memory usage. Loaded Objects now: 2696.
Total: 3.851726 ms (FindLiveObjects: 0.330636 ms CreateObjectMapping: 0.128545 ms MarkObjects: 3.121762 ms  DeleteObjects: 0.269726 ms)

AssetImportParameters requested are different than current active one (requested -> active):
  custom:video-decoder-ogg-theora: a1e56fd34408186e4bbccfd4996cb3dc -> 
  custom:container-muxer-webm: aa71ff27fc2769a1b78a27578f13a17b -> 
  custom:container-demuxer-webm: 4f35f7cbe854078d1ac9338744f61a02 -> 
  custom:container-demuxer-ogg: 62fdf1f143b41e24485cea50d1cbac27 -> 
  custom:video-encoder-webm-vp8: eb34c28f22e8b96e1ab97ce403110664 -> 
  custom:framework-osx-AVFoundation: e770b220cccbd017edd2c1fefb359320 -> 
  custom:video-decoder-webm-vp8: 9c59270c3fd7afecdb556c50c9e8de78 -> 
  custom:graphics/normal-map-encoding: 01000000000000000000000000000000 -> 02000000000000000000000000000000
  custom:audio-decoder-ogg-vorbis: bf7c407c2cedff20999df2af8eb42d56 -> 
  custom:audio-encoder-webm-vorbis: bf7c407c2cedff20999df2af8eb42d56 -> 
========================================================================
Received Prepare
Refreshing native plugins compatible for Editor in 54.24 ms, found 3 plugins.
Preloading 0 native plugins for Editor in 0.00 ms.
Unloading 159 Unused Serialized files (Serialized files now loaded: 0)
System memory in use before: 222.6 MB.
System memory in use after: 222.6 MB.

Unloading 158 unused Assets to reduce memory usage. Loaded Objects now: 2696.
Total: 4.784125 ms (FindLiveObjects: 0.340281 ms CreateObjectMapping: 0.134243 ms MarkObjects: 4.087607 ms  DeleteObjects: 0.220981 ms)

AssetImportParameters requested are different than current active one (requested -> active):
  custom:video-decoder-ogg-theora: a1e56fd34408186e4bbccfd4996cb3dc -> 
  custom:container-muxer-webm: aa71ff27fc2769a1b78a27578f13a17b -> 
  custom:container-demuxer-webm: 4f35f7cbe854078d1ac9338744f61a02 -> 
  custom:container-demuxer-ogg: 62fdf1f143b41e24485cea50d1cbac27 -> 
  custom:video-encoder-webm-vp8: eb34c28f22e8b96e1ab97ce403110664 -> 
  custom:framework-osx-AVFoundation: e770b220cccbd017edd2c1fefb359320 -> 
  custom:video-decoder-webm-vp8: 9c59270c3fd7afecdb556c50c9e8de78 -> 
  custom:audio-decoder-ogg-vorbis: bf7c407c2cedff20999df2af8eb42d56 -> 
  custom:audio-encoder-webm-vorbis: bf7c407c2cedff20999df2af8eb42d56 -> 
========================================================================
Received Prepare
Registering precompiled user dll's ...
Registered in 0.028536 seconds.
Begin MonoManager ReloadAssembly
Error: Could not load signature of FbxExporters.Editor.ModelExporter:GetAnimationExportDataFromAnimationTrack due to: Could not load file or assembly 'UnityEngine.Timeline, Version=1.0.0.0, Culture=neutral, PublicKeyToken=null' or one of its dependencies. assembly:UnityEngine.Timeline, Version=1.0.0.0, Culture=neutral, PublicKeyToken=null type:<unknown type> member:(null) signature:<none>

Unloading broken assembly Assets/AssetStoreTools/FbxExporters/Editor/UnityFbxExporterEditor.dll, this assembly can cause crashes in the runtime

Native extension for OSXStandalone target not found
Refreshing native plugins compatible for Editor in 1.95 ms, found 3 plugins.
Preloading 0 native plugins for Editor in 0.00 ms.
Mono: successfully reloaded assembly
- Completed reload, in  2.032 seconds
Domain Reload Profiling:
	ReloadAssembly (2036ms)
		BeginReloadAssembly (356ms)
			ExecutionOrderSort (0ms)
			DisableScriptedObjects (20ms)
			BackupInstance (0ms)
			ReleaseScriptingObjects (0ms)
			CreateAndSetChildDomain (212ms)
		EndReloadAssembly (1576ms)
			LoadAssemblies (166ms)
			RebuildTransferFunctionScriptingTraits (0ms)
			SetupTypeCache (514ms)
			ReleaseScriptCaches (2ms)
			RebuildScriptCaches (86ms)
			SetupLoadedEditorAssemblies (654ms)
				LogAssemblyErrors (0ms)
				InitializePlatformSupportModulesInManaged (6ms)
				SetLoadedEditorAssemblies (1ms)
				RefreshPlugins (2ms)
				BeforeProcessingInitializeOnLoad (142ms)
				ProcessInitializeOnLoadAttributes (497ms)
				ProcessInitializeOnLoadMethodAttributes (5ms)
				AfterProcessingInitializeOnLoad (2ms)
				EditorAssembliesLoaded (0ms)
			ExecutionOrderSort2 (0ms)
			AwakeInstancesAfterBackupRestoration (8ms)
Platform modules already initialized, skipping
Switching build target platform(2) subTarget(0) extendedPlatform(0) -> platform(13) subTarget(537395200) extendedPlatform(0)
Refreshing native plugins compatible for Editor in 3.33 ms, found 3 plugins.
Preloading 0 native plugins for Editor in 0.00 ms.
Unloading 2160 Unused Serialized files (Serialized files now loaded: 0)
System memory in use before: 261.2 MB.
System memory in use after: 261.3 MB.

Unloading 299 unused Assets to reduce memory usage. Loaded Objects now: 2698.
Total: 7.060037 ms (FindLiveObjects: 0.443447 ms CreateObjectMapping: 0.175114 ms MarkObjects: 6.126527 ms  DeleteObjects: 0.313405 ms)

AssetImportParameters requested are different than current active one (requested -> active):
  custom:video-decoder-ogg-theora: a1e56fd34408186e4bbccfd4996cb3dc -> 
  custom:container-muxer-webm: aa71ff27fc2769a1b78a27578f13a17b -> 
  custom:container-demuxer-webm: 4f35f7cbe854078d1ac9338744f61a02 -> 
  custom:container-demuxer-ogg: 62fdf1f143b41e24485cea50d1cbac27 -> 
  custom:video-encoder-webm-vp8: eb34c28f22e8b96e1ab97ce403110664 -> 
  custom:framework-osx-AVFoundation: e770b220cccbd017edd2c1fefb359320 -> 
  custom:video-decoder-webm-vp8: 9c59270c3fd7afecdb556c50c9e8de78 -> 
  custom:graphics/normal-map-encoding: 01000000000000000000000000000000 -> 02000000000000000000000000000000
  custom:audio-decoder-ogg-vorbis: bf7c407c2cedff20999df2af8eb42d56 -> 
  custom:audio-encoder-webm-vorbis: bf7c407c2cedff20999df2af8eb42d56 -> 
